<?xml version="1.0" encoding="UTF-8"?>
<!-- Generated by org.testng.reporters.JUnitXMLReporter -->
<testsuite hostname="DIN80016857" name="test1" tests="1" failures="1" timestamp="23 Dec 2019 13:37:42 GMT" time="0.064" errors="0">
  <testcase name="ec_config" time="0.038" classname="com.ge.corp.DigitalConnect.ec_automationpoc.scripts.EC_Configuration">
    <failure type="java.io.FileNotFoundException" message="Source &amp;apos;C:\Users\sareddyc\cfBinaries\ecagent_windows_sys&amp;apos; does not exist">
      <![CDATA[java.io.FileNotFoundException: Source 'C:\Users\sareddyc\cfBinaries\ecagent_windows_sys' does not exist
	at org.apache.commons.io.FileUtils.copyFile(FileUtils.java:1074)
	at org.apache.commons.io.FileUtils.copyFile(FileUtils.java:1038)
	at com.ge.corp.DigitalConnect.ec_automationpoc.scripts.BaseTest_EnterpriseConnect.copyFile(BaseTest_EnterpriseConnect.java:55)
	at com.ge.corp.DigitalConnect.ec_automationpoc.scripts.EC_Configuration.ec_config(EC_Configuration.java:22)
... Removed 24 stack frames]]>
    </failure>
  </testcase> <!-- ec_config -->
</testsuite> <!-- test1 -->
