<?xml version="1.0" encoding="UTF-8"?>
<!-- Generated by org.testng.reporters.JUnitXMLReporter -->
<testsuite hostname="DIN80016857" name="Default test" tests="6" failures="0" timestamp="12 Feb 2020 12:29:46 GMT" time="103.915" errors="0">
  <testcase name="cfLogin" time="10.087" classname="com.ge.corp.DigitalConnect.ec_automationpoc.scripts.EC_Setup_With_ExistingService"/>
  <testcase name="ecSetupUsingExistingService" time="10.57" classname="com.ge.corp.DigitalConnect.ec_automationpoc.scripts.EC_Setup_With_ExistingService"/>
  <testcase name="loginUaaDashboard" time="17.306" classname="com.ge.corp.DigitalConnect.ec_automationpoc.scripts.EC_Setup_With_ExistingService"/>
  <testcase name="createUaaClient" time="8.018" classname="com.ge.corp.DigitalConnect.ec_automationpoc.scripts.EC_Setup_With_ExistingService"/>
  <testcase name="ecSetupContinue" time="55.017" classname="com.ge.corp.DigitalConnect.ec_automationpoc.scripts.EC_Setup_With_ExistingService"/>
  <testcase name="healthConnection" time="2.897" classname="com.ge.corp.DigitalConnect.ec_automationpoc.scripts.EC_Setup_With_ExistingService"/>
</testsuite> <!-- Default test -->
